<?xml version="1.0" encoding="UTF-8"?>
<!-- Generated by org.testng.reporters.JUnitReportReporter -->
<testsuite hostname="DESKTOP-I26J7VB" name="vitaha.testNG.MainTest" tests="1" failures="0" timestamp="10 Nov 2016 09:52:24 GMT" time="4.422" errors="0">
  <testcase name="main" time="4.422" classname="vitaha.testNG.MainTest"/>
</testsuite> <!-- vitaha.testNG.MainTest -->
