<?xml version="1.0" encoding="UTF-8"?>
<!-- Generated by org.testng.reporters.JUnitReportReporter -->
<testsuite hostname="kpeatiBwik-PC" name="vitaha.testNG.LoginUser" tests="1" failures="0" timestamp="14 Nov 2016 21:19:30 GMT" time="8.447" errors="0">
  <testcase name="test" time="8.447" classname="vitaha.testNG.LoginUser"/>
</testsuite> <!-- vitaha.testNG.LoginUser -->
